Arguments: 
  /home/jadson/.nvm/versions/node/v14.2.0/bin/node /usr/share/yarn/bin/yarn.js

PATH: 
  /home/jadson/.nvm/versions/node/v14.2.0/bin:/usr/local/sbin:/usr/local/bin:/usr/sbin:/usr/bin:/sbin:/bin:/usr/games:/usr/local/games:/snap/bin

Yarn version: 
  1.22.4

Node version: 
  14.2.0

Platform: 
  linux x64

Trace: 
  SyntaxError: /home/jadson/Downloads/repositories/PAINEL/backend/package.json: Unexpected token e in JSON at position 405
      at JSON.parse (<anonymous>)
      at /usr/share/yarn/lib/cli.js:1625:59
      at Generator.next (<anonymous>)
      at step (/usr/share/yarn/lib/cli.js:310:30)
      at /usr/share/yarn/lib/cli.js:321:13

npm manifest: 
  {
    "name": "playground",
    "version": "1.0.0",
    "main": "index.js",
    "author": "Jadson Santos",
    "license": "MIT",
    "scripts": {
      "dev": "nodemon index.js",
      "start": "node index.js"
    },
    "dependencies": {
      "bluebird": "^3.7.2",
      "body-parser": "^1.19.0",
      "cors": "^2.8.5",
      "crypto": "^1.0.1",
      "express": "^4.17.1",
      "express-fileupload": "^1.1.6",
      "knex": "^0.21.1",exi
      "multer": "^1.4.2",
      "nodemon": "^2.0.2",
      "socket.io": "^2.3.0",
      "sqlite": "^4.0.7"
    }
  }

yarn manifest: 
  No manifest

Lockfile: 
  No lockfile
